    5000  0.166325E+00   0.386697E+00   0.000000E+00   0.000000E+00   0.000000E+00   0.000000E+00
   10000  0.160061E+00   0.383539E+00   0.000000E+00   0.000000E+00   0.000000E+00   0.000000E+00
   15000  0.160843E+00   0.383393E+00   0.000000E+00   0.000000E+00   0.000000E+00   0.000000E+00
   20000  0.160702E+00   0.383662E+00   0.000000E+00   0.000000E+00   0.000000E+00   0.000000E+00
   25000  0.164434E+00   0.387390E+00   0.000000E+00   0.000000E+00   0.000000E+00   0.000000E+00
   30000  0.163205E+00   0.385714E+00   0.000000E+00   0.000000E+00   0.000000E+00   0.000000E+00
   35000  0.166630E+00   0.388484E+00   0.000000E+00   0.000000E+00   0.000000E+00   0.000000E+00
   40000  0.165496E+00   0.386795E+00   0.000000E+00   0.000000E+00   0.000000E+00   0.000000E+00
   45000  0.167051E+00   0.389314E+00   0.000000E+00   0.000000E+00   0.000000E+00   0.000000E+00
   50000  0.160406E+00   0.383646E+00   0.000000E+00   0.734100E-02   0.000000E+00   0.000000E+00
   55000  0.163114E+00   0.384597E+00   0.000000E+00   0.000000E+00   0.000000E+00   0.000000E+00
   60000  0.160991E+00   0.383762E+00   0.000000E+00   0.000000E+00   0.000000E+00   0.000000E+00
   65000  0.159328E+00   0.381889E+00   0.000000E+00   0.000000E+00   0.000000E+00   0.000000E+00
   70000  0.157956E+00   0.379893E+00   0.000000E+00   0.000000E+00   0.000000E+00   0.000000E+00
   75000  0.158442E+00   0.380822E+00   0.000000E+00   0.000000E+00   0.000000E+00   0.000000E+00
   80000  0.159927E+00   0.381544E+00   0.000000E+00   0.000000E+00   0.000000E+00   0.000000E+00
   85000  0.160619E+00   0.382523E+00   0.000000E+00   0.000000E+00   0.000000E+00   0.000000E+00
   90000  0.164789E+00   0.387038E+00   0.000000E+00   0.000000E+00   0.000000E+00   0.000000E+00
   95000  0.159257E+00   0.381021E+00   0.000000E+00   0.000000E+00   0.000000E+00   0.000000E+00
  100000  0.159234E+00   0.381190E+00   0.000000E+00   0.668300E-02   0.000000E+00   0.000000E+00
  105000  0.162212E+00   0.382406E+00   0.000000E+00   0.000000E+00   0.000000E+00   0.000000E+00
  110000  0.160452E+00   0.384721E+00   0.000000E+00   0.000000E+00   0.000000E+00   0.000000E+00
  115000  0.159679E+00   0.383976E+00   0.000000E+00   0.000000E+00   0.000000E+00   0.000000E+00
  120000  0.160120E+00   0.384257E+00   0.000000E+00   0.000000E+00   0.000000E+00   0.000000E+00
  125000  0.160406E+00   0.384567E+00   0.000000E+00   0.000000E+00   0.000000E+00   0.000000E+00
  130000  0.158350E+00   0.382376E+00   0.000000E+00   0.000000E+00   0.000000E+00   0.000000E+00
  135000  0.156614E+00   0.380873E+00   0.000000E+00   0.000000E+00   0.000000E+00   0.000000E+00
  140000  0.160416E+00   0.382575E+00   0.000000E+00   0.000000E+00   0.000000E+00   0.000000E+00
  145000  0.158924E+00   0.381960E+00   0.000000E+00   0.000000E+00   0.000000E+00   0.000000E+00
  150000  0.163206E+00   0.386205E+00   0.000000E+00   0.642900E-02   0.000000E+00   0.000000E+00
  155000  0.162344E+00   0.384899E+00   0.000000E+00   0.000000E+00   0.000000E+00   0.000000E+00
  160000  0.160648E+00   0.384860E+00   0.000000E+00   0.000000E+00   0.000000E+00   0.000000E+00
  165000  0.161186E+00   0.384264E+00   0.000000E+00   0.000000E+00   0.000000E+00   0.000000E+00
  170000  0.159027E+00   0.383211E+00   0.000000E+00   0.000000E+00   0.000000E+00   0.000000E+00
  175000  0.160734E+00   0.385015E+00   0.000000E+00   0.000000E+00   0.000000E+00   0.000000E+00
  180000  0.160389E+00   0.385661E+00   0.000000E+00   0.000000E+00   0.000000E+00   0.000000E+00
  185000  0.161569E+00   0.386810E+00   0.000000E+00   0.000000E+00   0.000000E+00   0.000000E+00
  190000  0.162551E+00   0.386614E+00   0.000000E+00   0.000000E+00   0.000000E+00   0.000000E+00
  195000  0.162532E+00   0.387048E+00   0.000000E+00   0.000000E+00   0.000000E+00   0.000000E+00
  200000  0.160995E+00   0.384930E+00   0.000000E+00   0.663400E-02   0.000000E+00   0.000000E+00
  205000  0.163276E+00   0.385159E+00   0.000000E+00   0.000000E+00   0.000000E+00   0.000000E+00
  210000  0.159334E+00   0.382828E+00   0.000000E+00   0.000000E+00   0.000000E+00   0.000000E+00
  215000  0.161088E+00   0.382275E+00   0.000000E+00   0.000000E+00   0.000000E+00   0.000000E+00
  220000  0.161658E+00   0.382763E+00   0.000000E+00   0.000000E+00   0.000000E+00   0.000000E+00
  225000  0.162980E+00   0.383760E+00   0.000000E+00   0.000000E+00   0.000000E+00   0.000000E+00
  230000  0.162942E+00   0.384743E+00   0.000000E+00   0.000000E+00   0.000000E+00   0.000000E+00
  235000  0.161422E+00   0.382530E+00   0.000000E+00   0.000000E+00   0.000000E+00   0.000000E+00
  240000  0.161188E+00   0.382288E+00   0.000000E+00   0.000000E+00   0.000000E+00   0.000000E+00
  245000  0.161565E+00   0.383030E+00   0.000000E+00   0.000000E+00   0.000000E+00   0.000000E+00
  250000  0.159173E+00   0.379913E+00   0.000000E+00   0.660500E-02   0.000000E+00   0.000000E+00
  255000  0.163709E+00   0.381014E+00   0.000000E+00   0.000000E+00   0.000000E+00   0.000000E+00
  260000  0.164964E+00   0.381916E+00   0.000000E+00   0.000000E+00   0.000000E+00   0.000000E+00
  265000  0.162869E+00   0.380653E+00   0.000000E+00   0.000000E+00   0.000000E+00   0.000000E+00
  270000  0.165160E+00   0.384048E+00   0.000000E+00   0.000000E+00   0.000000E+00   0.000000E+00
  275000  0.164758E+00   0.382050E+00   0.000000E+00   0.000000E+00   0.000000E+00   0.000000E+00
  280000  0.165186E+00   0.382093E+00   0.000000E+00   0.000000E+00   0.000000E+00   0.000000E+00
  285000  0.170399E+00   0.386078E+00   0.000000E+00   0.000000E+00   0.000000E+00   0.000000E+00
  290000  0.163964E+00   0.383482E+00   0.000000E+00   0.000000E+00   0.000000E+00   0.000000E+00
  295000  0.163159E+00   0.382975E+00   0.000000E+00   0.000000E+00   0.000000E+00   0.000000E+00
  300000  0.164202E+00   0.381250E+00   0.000000E+00   0.796700E-02   0.000000E+00   0.000000E+00
  305000  0.167316E+00   0.382307E+00   0.000000E+00   0.000000E+00   0.000000E+00   0.000000E+00
  310000  0.165600E+00   0.382179E+00   0.000000E+00   0.000000E+00   0.000000E+00   0.000000E+00
  315000  0.165046E+00   0.382128E+00   0.000000E+00   0.000000E+00   0.000000E+00   0.000000E+00
  320000  0.164407E+00   0.381907E+00   0.000000E+00   0.000000E+00   0.000000E+00   0.000000E+00
  325000  0.164915E+00   0.382006E+00   0.000000E+00   0.000000E+00   0.000000E+00   0.000000E+00
  330000  0.164315E+00   0.382914E+00   0.000000E+00   0.000000E+00   0.000000E+00   0.000000E+00
  335000  0.164168E+00   0.383404E+00   0.000000E+00   0.000000E+00   0.000000E+00   0.000000E+00
  340000  0.164513E+00   0.383673E+00   0.000000E+00   0.000000E+00   0.000000E+00   0.000000E+00
  345000  0.164666E+00   0.383728E+00   0.000000E+00   0.000000E+00   0.000000E+00   0.000000E+00
  350000  0.164911E+00   0.383730E+00   0.000000E+00   0.685000E-02   0.000000E+00   0.000000E+00
  355000  0.167108E+00   0.383915E+00   0.000000E+00   0.000000E+00   0.000000E+00   0.000000E+00
  360000  0.162981E+00   0.382410E+00   0.000000E+00   0.000000E+00   0.000000E+00   0.000000E+00
  365000  0.163817E+00   0.383661E+00   0.000000E+00   0.000000E+00   0.000000E+00   0.000000E+00
  370000  0.162725E+00   0.382174E+00   0.000000E+00   0.000000E+00   0.000000E+00   0.000000E+00
  375000  0.159154E+00   0.379519E+00   0.000000E+00   0.000000E+00   0.000000E+00   0.000000E+00
  380000  0.159570E+00   0.379856E+00   0.000000E+00   0.000000E+00   0.000000E+00   0.000000E+00
  385000  0.159558E+00   0.379930E+00   0.000000E+00   0.000000E+00   0.000000E+00   0.000000E+00
  390000  0.157691E+00   0.378649E+00   0.000000E+00   0.000000E+00   0.000000E+00   0.000000E+00
  395000  0.159789E+00   0.379707E+00   0.000000E+00   0.000000E+00   0.000000E+00   0.000000E+00
  400000  0.159557E+00   0.379438E+00   0.000000E+00   0.652500E-02   0.000000E+00   0.000000E+00
  405000  0.166574E+00   0.384068E+00   0.000000E+00   0.000000E+00   0.000000E+00   0.000000E+00
  410000  0.162594E+00   0.382278E+00   0.000000E+00   0.000000E+00   0.000000E+00   0.000000E+00
  415000  0.159720E+00   0.379547E+00   0.000000E+00   0.000000E+00   0.000000E+00   0.000000E+00
  420000  0.160136E+00   0.380533E+00   0.000000E+00   0.000000E+00   0.000000E+00   0.000000E+00
  425000  0.160712E+00   0.381279E+00   0.000000E+00   0.000000E+00   0.000000E+00   0.000000E+00
  430000  0.162630E+00   0.382706E+00   0.000000E+00   0.000000E+00   0.000000E+00   0.000000E+00
  435000  0.165675E+00   0.384075E+00   0.000000E+00   0.000000E+00   0.000000E+00   0.000000E+00
  440000  0.160118E+00   0.380745E+00   0.000000E+00   0.000000E+00   0.000000E+00   0.000000E+00
  445000  0.162474E+00   0.381939E+00   0.000000E+00   0.000000E+00   0.000000E+00   0.000000E+00
  450000  0.161695E+00   0.382015E+00   0.000000E+00   0.642100E-02   0.000000E+00   0.000000E+00
  455000  0.166283E+00   0.383739E+00   0.000000E+00   0.000000E+00   0.000000E+00   0.000000E+00
  460000  0.162583E+00   0.382397E+00   0.000000E+00   0.000000E+00   0.000000E+00   0.000000E+00
  465000  0.160539E+00   0.381626E+00   0.000000E+00   0.000000E+00   0.000000E+00   0.000000E+00
  470000  0.162378E+00   0.382404E+00   0.000000E+00   0.000000E+00   0.000000E+00   0.000000E+00
  475000  0.163571E+00   0.383045E+00   0.000000E+00   0.000000E+00   0.000000E+00   0.000000E+00
  480000  0.162409E+00   0.382587E+00   0.000000E+00   0.000000E+00   0.000000E+00   0.000000E+00
  485000  0.163701E+00   0.383801E+00   0.000000E+00   0.000000E+00   0.000000E+00   0.000000E+00
  490000  0.161922E+00   0.382015E+00   0.000000E+00   0.000000E+00   0.000000E+00   0.000000E+00
  495000  0.162776E+00   0.383194E+00   0.000000E+00   0.000000E+00   0.000000E+00   0.000000E+00
  500000  0.163486E+00   0.384720E+00   0.000000E+00   0.384811E+00   0.000000E+00   0.000000E+00
  505000  0.163633E+00   0.384125E+00   0.000000E+00   0.000000E+00   0.000000E+00   0.000000E+00
  510000  0.159275E+00   0.382385E+00   0.000000E+00   0.000000E+00   0.000000E+00   0.000000E+00
  515000  0.159563E+00   0.382370E+00   0.000000E+00   0.000000E+00   0.000000E+00   0.000000E+00
  520000  0.158846E+00   0.381966E+00   0.000000E+00   0.000000E+00   0.000000E+00   0.000000E+00
  525000  0.158836E+00   0.382282E+00   0.000000E+00   0.000000E+00   0.000000E+00   0.000000E+00
  530000  0.159559E+00   0.382835E+00   0.000000E+00   0.000000E+00   0.000000E+00   0.000000E+00
  535000  0.159424E+00   0.382336E+00   0.000000E+00   0.000000E+00   0.000000E+00   0.000000E+00
  540000  0.160212E+00   0.382832E+00   0.000000E+00   0.000000E+00   0.000000E+00   0.000000E+00
  545000  0.156523E+00   0.380424E+00   0.000000E+00   0.000000E+00   0.000000E+00   0.000000E+00
  550000  0.157518E+00   0.380981E+00   0.000000E+00   0.690800E-02   0.000000E+00   0.000000E+00
  555000  0.162483E+00   0.382965E+00   0.000000E+00   0.000000E+00   0.000000E+00   0.000000E+00
  560000  0.158495E+00   0.381386E+00   0.000000E+00   0.000000E+00   0.000000E+00   0.000000E+00
  565000  0.158077E+00   0.381695E+00   0.000000E+00   0.000000E+00   0.000000E+00   0.000000E+00
  570000  0.160559E+00   0.382519E+00   0.000000E+00   0.000000E+00   0.000000E+00   0.000000E+00
  575000  0.164648E+00   0.384007E+00   0.000000E+00   0.000000E+00   0.000000E+00   0.000000E+00
  580000  0.162653E+00   0.382572E+00   0.000000E+00   0.000000E+00   0.000000E+00   0.000000E+00
  585000  0.164114E+00   0.385845E+00   0.000000E+00   0.000000E+00   0.000000E+00   0.000000E+00
  590000  0.162899E+00   0.386101E+00   0.000000E+00   0.000000E+00   0.000000E+00   0.000000E+00
  595000  0.160851E+00   0.383507E+00   0.000000E+00   0.000000E+00   0.000000E+00   0.000000E+00
  600000  0.161633E+00   0.383457E+00   0.000000E+00   0.777599E-02   0.000000E+00   0.000000E+00
  605000  0.166950E+00   0.384193E+00   0.000000E+00   0.000000E+00   0.000000E+00   0.000000E+00
  610000  0.163912E+00   0.383373E+00   0.000000E+00   0.000000E+00   0.000000E+00   0.000000E+00
  615000  0.163046E+00   0.383007E+00   0.000000E+00   0.000000E+00   0.000000E+00   0.000000E+00
  620000  0.162647E+00   0.383793E+00   0.000000E+00   0.000000E+00   0.000000E+00   0.000000E+00
  625000  0.161102E+00   0.383484E+00   0.000000E+00   0.000000E+00   0.000000E+00   0.000000E+00
  630000  0.161261E+00   0.383160E+00   0.000000E+00   0.000000E+00   0.000000E+00   0.000000E+00
  635000  0.171335E+00   0.387775E+00   0.000000E+00   0.000000E+00   0.000000E+00   0.000000E+00
  640000  0.172892E+00   0.388683E+00   0.000000E+00   0.000000E+00   0.000000E+00   0.000000E+00
  645000  0.161673E+00   0.384148E+00   0.000000E+00   0.000000E+00   0.000000E+00   0.000000E+00
  650000  0.160921E+00   0.382938E+00   0.000000E+00   0.661001E-02   0.000000E+00   0.000000E+00
  655000  0.165440E+00   0.384228E+00   0.000000E+00   0.000000E+00   0.000000E+00   0.000000E+00
  660000  0.162764E+00   0.382996E+00   0.000000E+00   0.000000E+00   0.000000E+00   0.000000E+00
  665000  0.162846E+00   0.382988E+00   0.000000E+00   0.000000E+00   0.000000E+00   0.000000E+00
  670000  0.161968E+00   0.382484E+00   0.000000E+00   0.000000E+00   0.000000E+00   0.000000E+00
  675000  0.164289E+00   0.383568E+00   0.000000E+00   0.000000E+00   0.000000E+00   0.000000E+00
  680000  0.164337E+00   0.384014E+00   0.000000E+00   0.000000E+00   0.000000E+00   0.000000E+00
  685000  0.160635E+00   0.381973E+00   0.000000E+00   0.000000E+00   0.000000E+00   0.000000E+00
  690000  0.163567E+00   0.382748E+00   0.000000E+00   0.000000E+00   0.000000E+00   0.000000E+00
  695000  0.162304E+00   0.382366E+00   0.000000E+00   0.000000E+00   0.000000E+00   0.000000E+00
  700000  0.163538E+00   0.383305E+00   0.000000E+00   0.788799E-02   0.000000E+00   0.000000E+00
  705000  0.164850E+00   0.384052E+00   0.000000E+00   0.000000E+00   0.000000E+00   0.000000E+00
  710000  0.161982E+00   0.384258E+00   0.000000E+00   0.000000E+00   0.000000E+00   0.000000E+00
  715000  0.160545E+00   0.382759E+00   0.000000E+00   0.000000E+00   0.000000E+00   0.000000E+00
  720000  0.159691E+00   0.382469E+00   0.000000E+00   0.000000E+00   0.000000E+00   0.000000E+00
  725000  0.161366E+00   0.382843E+00   0.000000E+00   0.000000E+00   0.000000E+00   0.000000E+00
  730000  0.167150E+00   0.385860E+00   0.000000E+00   0.000000E+00   0.000000E+00   0.000000E+00
  735000  0.171782E+00   0.388184E+00   0.000000E+00   0.000000E+00   0.000000E+00   0.000000E+00
  740000  0.172644E+00   0.386581E+00   0.000000E+00   0.000000E+00   0.000000E+00   0.000000E+00
  745000  0.172749E+00   0.387421E+00   0.000000E+00   0.000000E+00   0.000000E+00   0.000000E+00
  750000  0.166016E+00   0.386246E+00   0.000000E+00   0.805101E-02   0.000000E+00   0.000000E+00
  755000  0.169264E+00   0.386513E+00   0.000000E+00   0.000000E+00   0.000000E+00   0.000000E+00
  760000  0.164003E+00   0.383083E+00   0.000000E+00   0.000000E+00   0.000000E+00   0.000000E+00
  765000  0.163910E+00   0.383270E+00   0.000000E+00   0.000000E+00   0.000000E+00   0.000000E+00
  770000  0.163513E+00   0.383190E+00   0.000000E+00   0.000000E+00   0.000000E+00   0.000000E+00
  775000  0.164557E+00   0.383934E+00   0.000000E+00   0.000000E+00   0.000000E+00   0.000000E+00
  780000  0.164221E+00   0.383751E+00   0.000000E+00   0.000000E+00   0.000000E+00   0.000000E+00
  785000  0.162374E+00   0.384243E+00   0.000000E+00   0.000000E+00   0.000000E+00   0.000000E+00
  790000  0.162218E+00   0.384464E+00   0.000000E+00   0.000000E+00   0.000000E+00   0.000000E+00
  795000  0.163059E+00   0.384285E+00   0.000000E+00   0.000000E+00   0.000000E+00   0.000000E+00
  800000  0.171198E+00   0.387066E+00   0.000000E+00   0.812101E-02   0.000000E+00   0.000000E+00
  805000  0.170496E+00   0.387165E+00   0.000000E+00   0.000000E+00   0.000000E+00   0.000000E+00
  810000  0.160477E+00   0.382500E+00   0.000000E+00   0.000000E+00   0.000000E+00   0.000000E+00
  815000  0.157492E+00   0.380741E+00   0.000000E+00   0.000000E+00   0.000000E+00   0.000000E+00
  820000  0.162735E+00   0.383438E+00   0.000000E+00   0.000000E+00   0.000000E+00   0.000000E+00
  825000  0.162987E+00   0.384167E+00   0.000000E+00   0.000000E+00   0.000000E+00   0.000000E+00
  830000  0.162773E+00   0.382938E+00   0.000000E+00   0.000000E+00   0.000000E+00   0.000000E+00
  835000  0.162436E+00   0.383358E+00   0.000000E+00   0.000000E+00   0.000000E+00   0.000000E+00
  840000  0.162169E+00   0.384125E+00   0.000000E+00   0.000000E+00   0.000000E+00   0.000000E+00
  845000  0.159769E+00   0.383072E+00   0.000000E+00   0.000000E+00   0.000000E+00   0.000000E+00
  850000  0.160433E+00   0.383331E+00   0.000000E+00   0.626001E-02   0.000000E+00   0.000000E+00
  855000  0.163353E+00   0.384789E+00   0.000000E+00   0.000000E+00   0.000000E+00   0.000000E+00
  860000  0.161497E+00   0.383682E+00   0.000000E+00   0.000000E+00   0.000000E+00   0.000000E+00
  865000  0.161116E+00   0.383339E+00   0.000000E+00   0.000000E+00   0.000000E+00   0.000000E+00
  870000  0.160612E+00   0.383049E+00   0.000000E+00   0.000000E+00   0.000000E+00   0.000000E+00
  875000  0.160921E+00   0.383446E+00   0.000000E+00   0.000000E+00   0.000000E+00   0.000000E+00
  880000  0.159348E+00   0.383598E+00   0.000000E+00   0.000000E+00   0.000000E+00   0.000000E+00
  885000  0.159573E+00   0.383209E+00   0.000000E+00   0.000000E+00   0.000000E+00   0.000000E+00
  890000  0.158997E+00   0.383377E+00   0.000000E+00   0.000000E+00   0.000000E+00   0.000000E+00
  895000  0.160870E+00   0.383614E+00   0.000000E+00   0.000000E+00   0.000000E+00   0.000000E+00
  900000  0.160551E+00   0.384338E+00   0.000000E+00   0.772002E-02   0.000000E+00   0.000000E+00
  905000  0.168129E+00   0.385941E+00   0.000000E+00   0.000000E+00   0.000000E+00   0.000000E+00
  910000  0.163515E+00   0.384964E+00   0.000000E+00   0.000000E+00   0.000000E+00   0.000000E+00
  915000  0.164429E+00   0.384178E+00   0.000000E+00   0.000000E+00   0.000000E+00   0.000000E+00
  920000  0.163412E+00   0.383652E+00   0.000000E+00   0.000000E+00   0.000000E+00   0.000000E+00
  925000  0.164263E+00   0.384819E+00   0.000000E+00   0.000000E+00   0.000000E+00   0.000000E+00
  930000  0.166508E+00   0.384552E+00   0.000000E+00   0.000000E+00   0.000000E+00   0.000000E+00
  935000  0.164803E+00   0.385231E+00   0.000000E+00   0.000000E+00   0.000000E+00   0.000000E+00
  940000  0.164549E+00   0.385559E+00   0.000000E+00   0.000000E+00   0.000000E+00   0.000000E+00
  945000  0.160177E+00   0.383484E+00   0.000000E+00   0.000000E+00   0.000000E+00   0.000000E+00
  950000  0.165140E+00   0.384315E+00   0.000000E+00   0.804502E-02   0.000000E+00   0.000000E+00
  955000  0.172087E+00   0.385513E+00   0.000000E+00   0.000000E+00   0.000000E+00   0.000000E+00
  960000  0.171917E+00   0.385529E+00   0.000000E+00   0.000000E+00   0.000000E+00   0.000000E+00
  965000  0.172657E+00   0.383965E+00   0.000000E+00   0.000000E+00   0.000000E+00   0.000000E+00
  970000  0.166079E+00   0.383820E+00   0.000000E+00   0.000000E+00   0.000000E+00   0.000000E+00
  975000  0.159363E+00   0.384605E+00   0.000000E+00   0.000000E+00   0.000000E+00   0.000000E+00
  980000  0.159023E+00   0.384132E+00   0.000000E+00   0.000000E+00   0.000000E+00   0.000000E+00
  985000  0.161417E+00   0.384544E+00   0.000000E+00   0.000000E+00   0.000000E+00   0.000000E+00
  990000  0.157654E+00   0.383934E+00   0.000000E+00   0.000000E+00   0.000000E+00   0.000000E+00
  995000  0.155380E+00   0.382652E+00   0.000000E+00   0.000000E+00   0.000000E+00   0.000000E+00
 1000000  0.159615E+00   0.383598E+00   0.000000E+00   0.388872E+00   0.556790E-01   0.000000E+00
